#
# A fatal error has been detected by the Java Runtime Environment:
#
#  EXCEPTION_ACCESS_VIOLATION (0xc0000005) at pc=0x00007ffc74f8ee9d, pid=704, tid=1852
#
# JRE version: Java(TM) SE Runtime Environment (11.0.3+12) (build 11.0.3+12-LTS)
# Java VM: Java HotSpot(TM) 64-Bit Server VM (11.0.3+12-LTS, mixed mode, tiered, compressed oops, g1 gc, windows-amd64)
# Problematic frame:
# C  [ntdll.dll+0x1ee9d]
#
# No core dump will be written. Minidumps are not enabled by default on client versions of Windows
#
# If you would like to submit a bug report, please visit:
#   http://bugreport.java.com/bugreport/crash.jsp
# The crash happened outside the Java Virtual Machine in native code.
# See problematic frame for where to report the bug.
#

---------------  S U M M A R Y ------------

Command Line: -Dfile.encoding=UTF-8 vista.Main

Host: Intel(R) Core(TM) i5-7200U CPU @ 2.50GHz, 4 cores, 3G,  Windows 10 , 64 bit Build 17134 (10.0.17134.753)
Time: Sun May 26 17:28:11 2019 US Mountain Standard Time elapsed time: 16 seconds (0d 0h 0m 16s)

---------------  T H R E A D  ---------------

Current thread (0x0000017917ef8800):  JavaThread "AWT-EventQueue-0" [_thread_in_native, id=1852, stack(0x0000005f94500000,0x0000005f94600000)]

Stack: [0x0000005f94500000,0x0000005f94600000],  sp=0x0000005f945fa030,  free space=1000k
Native frames: (J=compiled Java code, j=interpreted, Vv=VM code, C=native code)
C  [ntdll.dll+0x1ee9d]
C  [facesdk.dll+0x5828be]

Java frames: (J=compiled Java code, j=interpreted, Vv=VM code)
j  com.sun.jna.Native.invokeInt(JI[Ljava/lang/Object;)I+0
j  com.sun.jna.Function.invoke([Ljava/lang/Object;Ljava/lang/Class;Z)Ljava/lang/Object;+333
j  com.sun.jna.Function.invoke(Ljava/lang/Class;[Ljava/lang/Object;Ljava/util/Map;)Ljava/lang/Object;+214
j  com.sun.jna.Library$Handler.invoke(Ljava/lang/Object;Ljava/lang/reflect/Method;[Ljava/lang/Object;)Ljava/lang/Object;+341
j  Luxand.$Proxy1.FSDK_SetVideoFormat(Lcom/sun/jna/WString;LLuxand/FSDKCam$FSDK_VideoFormatInfo$ByValue;)I+20
j  Luxand.FSDKCam.SetVideoFormat(Ljava/lang/String;LLuxand/FSDKCam$FSDK_VideoFormatInfo$ByValue;)I+24
j  vista.MainWindow.<init>()V+422
j  vista.AutoClose.<clinit>()V+4
v  ~StubRoutines::call_stub
j  vista.LoginWindow.Log()V+271
j  vista.LoginWindow.jbLogActionPerformed(Ljava/awt/event/ActionEvent;)V+1
j  vista.LoginWindow$1.actionPerformed(Ljava/awt/event/ActionEvent;)V+5
j  javax.swing.AbstractButton.fireActionPerformed(Ljava/awt/event/ActionEvent;)V+83 java.desktop@11.0.3
j  javax.swing.AbstractButton$Handler.actionPerformed(Ljava/awt/event/ActionEvent;)V+5 java.desktop@11.0.3
j  javax.swing.DefaultButtonModel.fireActionPerformed(Ljava/awt/event/ActionEvent;)V+34 java.desktop@11.0.3
j  javax.swing.DefaultButtonModel.setPressed(Z)V+117 java.desktop@11.0.3
j  javax.swing.plaf.basic.BasicButtonListener.mouseReleased(Ljava/awt/event/MouseEvent;)V+35 java.desktop@11.0.3
j  java.awt.Component.processMouseEvent(Ljava/awt/event/MouseEvent;)V+64 java.desktop@11.0.3
j  javax.swing.JComponent.processMouseEvent(Ljava/awt/event/MouseEvent;)V+23 java.desktop@11.0.3
j  java.awt.Component.processEvent(Ljava/awt/AWTEvent;)V+81 java.desktop@11.0.3
j  java.awt.Container.processEvent(Ljava/awt/AWTEvent;)V+18 java.desktop@11.0.3
j  java.awt.Component.dispatchEventImpl(Ljava/awt/AWTEvent;)V+496 java.desktop@11.0.3
j  java.awt.Container.dispatchEventImpl(Ljava/awt/AWTEvent;)V+42 java.desktop@11.0.3
j  java.awt.Component.dispatchEvent(Ljava/awt/AWTEvent;)V+2 java.desktop@11.0.3
j  java.awt.LightweightDispatcher.retargetMouseEvent(Ljava/awt/Component;ILjava/awt/event/MouseEvent;)V+349 java.desktop@11.0.3
j  java.awt.LightweightDispatcher.processMouseEvent(Ljava/awt/event/MouseEvent;)Z+155 java.desktop@11.0.3
j  java.awt.LightweightDispatcher.dispatchEvent(Ljava/awt/AWTEvent;)Z+50 java.desktop@11.0.3
j  java.awt.Container.dispatchEventImpl(Ljava/awt/AWTEvent;)V+12 java.desktop@11.0.3
j  java.awt.Window.dispatchEventImpl(Ljava/awt/AWTEvent;)V+19 java.desktop@11.0.3
j  java.awt.Component.dispatchEvent(Ljava/awt/AWTEvent;)V+2 java.desktop@11.0.3
j  java.awt.EventQueue.dispatchEventImpl(Ljava/awt/AWTEvent;Ljava/lang/Object;)V+41 java.desktop@11.0.3
j  java.awt.EventQueue$4.run()Ljava/lang/Void;+32 java.desktop@11.0.3
j  java.awt.EventQueue$4.run()Ljava/lang/Object;+1 java.desktop@11.0.3
v  ~StubRoutines::call_stub
J 1315  java.security.AccessController.doPrivileged(Ljava/security/PrivilegedAction;Ljava/security/AccessControlContext;)Ljava/lang/Object; java.base@11.0.3 (0 bytes) @ 0x000001790fd93026 [0x000001790fd92fc0+0x0000000000000066]
J 1322 c1 java.security.ProtectionDomain$JavaSecurityAccessImpl.doIntersectionPrivilege(Ljava/security/PrivilegedAction;Ljava/security/AccessControlContext;Ljava/security/AccessControlContext;)Ljava/lang/Object; java.base@11.0.3 (22 bytes) @ 0x0000017908a3a7ac [0x0000017908a3a4a0+0x000000000000030c]
j  java.security.ProtectionDomain$JavaSecurityAccessImpl.doIntersectionPrivilege(Ljava/security/PrivilegedAction;Ljava/security/AccessControlContext;)Ljava/lang/Object;+6 java.base@11.0.3
j  java.awt.EventQueue$5.run()Ljava/lang/Void;+11 java.desktop@11.0.3
j  java.awt.EventQueue$5.run()Ljava/lang/Object;+1 java.desktop@11.0.3
v  ~StubRoutines::call_stub
J 1315  java.security.AccessController.doPrivileged(Ljava/security/PrivilegedAction;Ljava/security/AccessControlContext;)Ljava/lang/Object; java.base@11.0.3 (0 bytes) @ 0x000001790fd93026 [0x000001790fd92fc0+0x0000000000000066]
J 1322 c1 java.security.ProtectionDomain$JavaSecurityAccessImpl.doIntersectionPrivilege(Ljava/security/PrivilegedAction;Ljava/security/AccessControlContext;Ljava/security/AccessControlContext;)Ljava/lang/Object; java.base@11.0.3 (22 bytes) @ 0x0000017908a3a7ac [0x0000017908a3a4a0+0x000000000000030c]
j  java.awt.EventQueue.dispatchEvent(Ljava/awt/AWTEvent;)V+73 java.desktop@11.0.3
j  java.awt.EventDispatchThread.pumpOneEventForFilters(I)V+78 java.desktop@11.0.3
j  java.awt.EventDispatchThread.pumpEventsForFilter(ILjava/awt/Conditional;Ljava/awt/EventFilter;)V+35 java.desktop@11.0.3
j  java.awt.EventDispatchThread.pumpEventsForHierarchy(ILjava/awt/Conditional;Ljava/awt/Component;)V+11 java.desktop@11.0.3
j  java.awt.EventDispatchThread.pumpEvents(ILjava/awt/Conditional;)V+4 java.desktop@11.0.3
j  java.awt.EventDispatchThread.pumpEvents(Ljava/awt/Conditional;)V+3 java.desktop@11.0.3
j  java.awt.EventDispatchThread.run()V+9 java.desktop@11.0.3
v  ~StubRoutines::call_stub

siginfo: EXCEPTION_ACCESS_VIOLATION (0xc0000005), writing address 0x0000000000000008


Register to memory mapping:

RIP=0x00007ffc74f8ee9d ntdll.dll
RAX=0x0000005f92bf7000 points into unknown readable memory: 00 00 00 00 00 00 00 00
RBX=0x000001791c4c5280 points into unknown readable memory: 48 00 50 00 20 00 54 00
RCX=0x0 is NULL
RDX=0x000001791c4c11b0 points into unknown readable memory: 80 02 00 00 e0 01 00 00
RSP=0x0000005f945fa030 is pointing into the stack for thread: 0x0000017917ef8800
RBP=0x000001791c4c11b0 points into unknown readable memory: 80 02 00 00 e0 01 00 00
RSI=0x0 is NULL
RDI=0x0000005f945fa1c8 is pointing into the stack for thread: 0x0000017917ef8800
R8 =0x000001791c4c1190 points into unknown readable memory: 0c 00 00 00 00 00 00 00
R9 =0x000001791c2a61ca jna18004509420971686308.dll
R10=0x0000000000000210 is an unknown value
R11=0x0000005f945fa0c0 is pointing into the stack for thread: 0x0000017917ef8800
R12=0x0 is NULL
R13={method} {0x000001791c0ff400} 'invokeInt' '(JI[Ljava/lang/Object;)I' in 'com/sun/jna/Native'
R14=0x0 is NULL
R15=0x0000017917ef8800 is a thread


Registers:
RAX=0x0000005f92bf7000, RBX=0x000001791c4c5280, RCX=0x0000000000000000, RDX=0x000001791c4c11b0
RSP=0x0000005f945fa030, RBP=0x000001791c4c11b0, RSI=0x0000000000000000, RDI=0x0000005f945fa1c8
R8 =0x000001791c4c1190, R9 =0x000001791c2a61ca, R10=0x0000000000000210, R11=0x0000005f945fa0c0
R12=0x0000000000000000, R13=0x000001791c0ff3f8, R14=0x0000000000000000, R15=0x0000017917ef8800
RIP=0x00007ffc74f8ee9d, EFLAGS=0x0000000000010206

Top of Stack: (sp=0x0000005f945fa030)
0x0000005f945fa030:   0000000000000093 000001791c29e831
0x0000005f945fa040:   cccccccccccccccc cccccccccccccccc
0x0000005f945fa050:   cccccccccccccccc 00000001805828be
0x0000005f945fa060:   cccccccc00000000 0000005f945fa220
0x0000005f945fa070:   0000005f945fa0d0 0000005f945fa230
0x0000005f945fa080:   0000000000000008 cccccccccccccccc
0x0000005f945fa090:   0000005f945fa1c8 000001791c2a61e1
0x0000005f945fa0a0:   0000017917ef8800 0000005f945fa4c0
0x0000005f945fa0b0:   0000005f945fa1c8 000001791c2a6213
0x0000005f945fa0c0:   000001791c0ff3f8 0000005f945fa100
0x0000005f945fa0d0:   0000000000000000 000001791c2a61ca
0x0000005f945fa0e0:   0000017917bafd58 0000017917bafdd8
0x0000005f945fa0f0:   0000000000000024 00007ffc40786229
0x0000005f945fa100:   0000005f945fa0c0 000001791c0ff3f8
0x0000005f945fa110:   0000005f945fa150 000001791c29ec6a
0x0000005f945fa120:   000001791c29e580 0000005f945fa158 

Instructions: (pc=0x00007ffc74f8ee9d)
0x00007ffc74f8ee7d:   5e c3 f0 ff 43 38 eb c8 cc cc cc cc cc cc cc cc
0x00007ffc74f8ee8d:   cc cc cc 48 83 ec 28 65 48 8b 04 25 30 00 00 00
0x00007ffc74f8ee9d:   f0 0f ba 71 08 00 48 8b 40 48 73 12 48 89 41 10
0x00007ffc74f8eead:   33 c0 c7 41 0c 01 00 00 00 48 83 c4 28 c3 48 39 


Stack slot to memory mapping:
stack at sp + 0 slots: 0x0000000000000093 is an unknown value
stack at sp + 1 slots: 0x000001791c29e831 jna18004509420971686308.dll
stack at sp + 2 slots: 0xcccccccccccccccc is an unknown value
stack at sp + 3 slots: 0xcccccccccccccccc is an unknown value
stack at sp + 4 slots: 0xcccccccccccccccc is an unknown value
stack at sp + 5 slots: 0x00000001805828be facesdk.dll
stack at sp + 6 slots: 0xcccccccc00000000 is an unknown value
stack at sp + 7 slots: 0x0000005f945fa220 is pointing into the stack for thread: 0x0000017917ef8800


---------------  P R O C E S S  ---------------

Threads class SMR info:
_java_thread_list=0x0000017917fd5d40, length=18, elements={
0x000001797f8e3800, 0x000001797f8ae800, 0x000001797f935800, 0x000001797f936000,
0x000001797f93b000, 0x000001797f93f800, 0x000001797f8e9800, 0x000001797fba1000,
0x000001797fbaf000, 0x0000017917b26000, 0x0000017917af1800, 0x0000017917b00000,
0x0000017917ef8800, 0x000001797ae91000, 0x0000017919937000, 0x0000017917f67800,
0x0000017918109000, 0x0000017917dfe000
}

Java Threads: ( => current thread )
  0x000001797f8e3800 JavaThread "Reference Handler" daemon [_thread_blocked, id=11572, stack(0x0000005f93700000,0x0000005f93800000)]
  0x000001797f8ae800 JavaThread "Finalizer" daemon [_thread_blocked, id=11128, stack(0x0000005f93800000,0x0000005f93900000)]
  0x000001797f935800 JavaThread "Signal Dispatcher" daemon [_thread_blocked, id=7212, stack(0x0000005f93900000,0x0000005f93a00000)]
  0x000001797f936000 JavaThread "Attach Listener" daemon [_thread_blocked, id=12148, stack(0x0000005f93a00000,0x0000005f93b00000)]
  0x000001797f93b000 JavaThread "C2 CompilerThread0" daemon [_thread_blocked, id=11560, stack(0x0000005f93b00000,0x0000005f93c00000)]
  0x000001797f93f800 JavaThread "C1 CompilerThread0" daemon [_thread_blocked, id=8084, stack(0x0000005f93c00000,0x0000005f93d00000)]
  0x000001797f8e9800 JavaThread "Sweeper thread" daemon [_thread_blocked, id=5280, stack(0x0000005f93d00000,0x0000005f93e00000)]
  0x000001797fba1000 JavaThread "Service Thread" daemon [_thread_blocked, id=6132, stack(0x0000005f93e00000,0x0000005f93f00000)]
  0x000001797fbaf000 JavaThread "Common-Cleaner" daemon [_thread_blocked, id=7392, stack(0x0000005f94000000,0x0000005f94100000)]
  0x0000017917b26000 JavaThread "Java2D Disposer" daemon [_thread_blocked, id=7116, stack(0x0000005f94100000,0x0000005f94200000)]
  0x0000017917af1800 JavaThread "AWT-Shutdown" [_thread_blocked, id=9344, stack(0x0000005f94200000,0x0000005f94300000)]
  0x0000017917b00000 JavaThread "AWT-Windows" daemon [_thread_in_native, id=7532, stack(0x0000005f94300000,0x0000005f94400000)]
=>0x0000017917ef8800 JavaThread "AWT-EventQueue-0" [_thread_in_native, id=1852, stack(0x0000005f94500000,0x0000005f94600000)]
  0x000001797ae91000 JavaThread "DestroyJavaVM" [_thread_blocked, id=11528, stack(0x0000005f93000000,0x0000005f93100000)]
  0x0000017919937000 JavaThread "TimerQueue" daemon [_thread_blocked, id=12100, stack(0x0000005f94c00000,0x0000005f94d00000)]
  0x0000017917f67800 JavaThread "mysql-cj-abandoned-connection-cleanup" daemon [_thread_blocked, id=11348, stack(0x0000005f94400000,0x0000005f94500000)]
  0x0000017918109000 JavaThread "Image Fetcher 3" daemon [_thread_blocked, id=5468, stack(0x0000005f94e00000,0x0000005f94f00000)]
  0x0000017917dfe000 JavaThread "Image Fetcher 0" daemon [_thread_blocked, id=11724, stack(0x0000005f94f00000,0x0000005f95000000)]

Other Threads:
  0x000001797f8ad000 VMThread "VM Thread" [stack: 0x0000005f93600000,0x0000005f93700000] [id=12116]
  0x000001797fba5800 WatcherThread [stack: 0x0000005f93f00000,0x0000005f94000000] [id=9452]
  0x000001797aea7000 GCTaskThread "GC Thread#0" [stack: 0x0000005f93100000,0x0000005f93200000] [id=5908]
  0x0000017917d39800 GCTaskThread "GC Thread#1" [stack: 0x0000005f94900000,0x0000005f94a00000] [id=4584]
  0x0000017917c14800 GCTaskThread "GC Thread#2" [stack: 0x0000005f94a00000,0x0000005f94b00000] [id=2624]
  0x0000017917c15000 GCTaskThread "GC Thread#3" [stack: 0x0000005f94b00000,0x0000005f94c00000] [id=5048]
  0x000001797aec3000 ConcurrentGCThread "G1 Main Marker" [stack: 0x0000005f93200000,0x0000005f93300000] [id=8796]
  0x000001797aec5000 ConcurrentGCThread "G1 Conc#0" [stack: 0x0000005f93300000,0x0000005f93400000] [id=7080]
  0x000001797af23000 ConcurrentGCThread "G1 Refine#0" [stack: 0x0000005f93400000,0x0000005f93500000] [id=12244]
  0x000001797af24000 ConcurrentGCThread "G1 Young RemSet Sampling" [stack: 0x0000005f93500000,0x0000005f93600000] [id=9196]

Threads with active compile tasks:

VM state:not at safepoint (normal execution)

VM Mutex/Monitor currently owned by a thread: None

Heap address: 0x00000000c2400000, size: 988 MB, Compressed Oops mode: 32-bit
Narrow klass base: 0x0000000000000000, Narrow klass shift: 3
Compressed class space size: 1073741824 Address: 0x0000000100000000

Heap:
 garbage-first heap   total 63488K, used 17099K [0x00000000c2400000, 0x0000000100000000)
  region size 1024K, 11 young (11264K), 3 survivors (3072K)
 Metaspace       used 24188K, capacity 24796K, committed 25088K, reserved 1071104K
  class space    used 2699K, capacity 2968K, committed 3072K, reserved 1048576K
Heap Regions: E=young(eden), S=young(survivor), O=old, HS=humongous(starts), HC=humongous(continues), CS=collection set, F=free, A=archive, TAMS=top-at-mark-start (previous, next)
|   0|0x00000000c2400000, 0x00000000c2500000, 0x00000000c2500000|100%| O|  |TAMS 0x00000000c2500000, 0x00000000c2400000| Untracked 
|   1|0x00000000c2500000, 0x00000000c2600000, 0x00000000c2600000|100%|HS|  |TAMS 0x00000000c2600000, 0x00000000c2500000| Complete 
|   2|0x00000000c2600000, 0x00000000c2700000, 0x00000000c2700000|100%|HC|  |TAMS 0x00000000c2700000, 0x00000000c2600000| Complete 
|   3|0x00000000c2700000, 0x00000000c2800000, 0x00000000c2800000|100%|HC|  |TAMS 0x00000000c2800000, 0x00000000c2700000| Complete 
|   4|0x00000000c2800000, 0x00000000c2900000, 0x00000000c2900000|100%|HC|  |TAMS 0x00000000c2900000, 0x00000000c2800000| Complete 
|   5|0x00000000c2900000, 0x00000000c2a00000, 0x00000000c2a00000|100%| O|  |TAMS 0x00000000c2a00000, 0x00000000c2900000| Untracked 
|   6|0x00000000c2a00000, 0x00000000c2af2800, 0x00000000c2b00000| 94%| O|  |TAMS 0x00000000c2af2800, 0x00000000c2a00000| Untracked 
|   7|0x00000000c2b00000, 0x00000000c2b00000, 0x00000000c2c00000|  0%| F|  |TAMS 0x00000000c2b00000, 0x00000000c2b00000| Untracked 
|   8|0x00000000c2c00000, 0x00000000c2c00000, 0x00000000c2d00000|  0%| F|  |TAMS 0x00000000c2c00000, 0x00000000c2c00000| Untracked 
|   9|0x00000000c2d00000, 0x00000000c2d00000, 0x00000000c2e00000|  0%| F|  |TAMS 0x00000000c2d00000, 0x00000000c2d00000| Untracked 
|  10|0x00000000c2e00000, 0x00000000c2e00000, 0x00000000c2f00000|  0%| F|  |TAMS 0x00000000c2e00000, 0x00000000c2e00000| Untracked 
|  11|0x00000000c2f00000, 0x00000000c2f00000, 0x00000000c3000000|  0%| F|  |TAMS 0x00000000c2f00000, 0x00000000c2f00000| Untracked 
|  12|0x00000000c3000000, 0x00000000c3000000, 0x00000000c3100000|  0%| F|  |TAMS 0x00000000c3000000, 0x00000000c3000000| Untracked 
|  13|0x00000000c3100000, 0x00000000c3100000, 0x00000000c3200000|  0%| F|  |TAMS 0x00000000c3100000, 0x00000000c3100000| Untracked 
|  14|0x00000000c3200000, 0x00000000c3200000, 0x00000000c3300000|  0%| F|  |TAMS 0x00000000c3200000, 0x00000000c3200000| Untracked 
|  15|0x00000000c3300000, 0x00000000c3300000, 0x00000000c3400000|  0%| F|  |TAMS 0x00000000c3300000, 0x00000000c3300000| Untracked 
|  16|0x00000000c3400000, 0x00000000c3400000, 0x00000000c3500000|  0%| F|  |TAMS 0x00000000c3400000, 0x00000000c3400000| Untracked 
|  17|0x00000000c3500000, 0x00000000c3500000, 0x00000000c3600000|  0%| F|  |TAMS 0x00000000c3500000, 0x00000000c3500000| Untracked 
|  18|0x00000000c3600000, 0x00000000c3600000, 0x00000000c3700000|  0%| F|  |TAMS 0x00000000c3600000, 0x00000000c3600000| Untracked 
|  19|0x00000000c3700000, 0x00000000c3700000, 0x00000000c3800000|  0%| F|  |TAMS 0x00000000c3700000, 0x00000000c3700000| Untracked 
|  20|0x00000000c3800000, 0x00000000c3800000, 0x00000000c3900000|  0%| F|  |TAMS 0x00000000c3800000, 0x00000000c3800000| Untracked 
|  21|0x00000000c3900000, 0x00000000c3900000, 0x00000000c3a00000|  0%| F|  |TAMS 0x00000000c3900000, 0x00000000c3900000| Untracked 
|  22|0x00000000c3a00000, 0x00000000c3a00000, 0x00000000c3b00000|  0%| F|  |TAMS 0x00000000c3a00000, 0x00000000c3a00000| Untracked 
|  23|0x00000000c3b00000, 0x00000000c3b00000, 0x00000000c3c00000|  0%| F|  |TAMS 0x00000000c3b00000, 0x00000000c3b00000| Untracked 
|  24|0x00000000c3c00000, 0x00000000c3c00000, 0x00000000c3d00000|  0%| F|  |TAMS 0x00000000c3c00000, 0x00000000c3c00000| Untracked 
|  25|0x00000000c3d00000, 0x00000000c3d00000, 0x00000000c3e00000|  0%| F|  |TAMS 0x00000000c3d00000, 0x00000000c3d00000| Untracked 
|  26|0x00000000c3e00000, 0x00000000c3e00000, 0x00000000c3f00000|  0%| F|  |TAMS 0x00000000c3e00000, 0x00000000c3e00000| Untracked 
|  27|0x00000000c3f00000, 0x00000000c3f00000, 0x00000000c4000000|  0%| F|  |TAMS 0x00000000c3f00000, 0x00000000c3f00000| Untracked 
|  28|0x00000000c4000000, 0x00000000c4000000, 0x00000000c4100000|  0%| F|  |TAMS 0x00000000c4000000, 0x00000000c4000000| Untracked 
|  29|0x00000000c4100000, 0x00000000c4100000, 0x00000000c4200000|  0%| F|  |TAMS 0x00000000c4100000, 0x00000000c4100000| Untracked 
|  30|0x00000000c4200000, 0x00000000c4200000, 0x00000000c4300000|  0%| F|  |TAMS 0x00000000c4200000, 0x00000000c4200000| Untracked 
|  31|0x00000000c4300000, 0x00000000c4300000, 0x00000000c4400000|  0%| F|  |TAMS 0x00000000c4300000, 0x00000000c4300000| Untracked 
|  32|0x00000000c4400000, 0x00000000c4400000, 0x00000000c4500000|  0%| F|  |TAMS 0x00000000c4400000, 0x00000000c4400000| Untracked 
|  33|0x00000000c4500000, 0x00000000c4500000, 0x00000000c4600000|  0%| F|  |TAMS 0x00000000c4500000, 0x00000000c4500000| Untracked 
|  34|0x00000000c4600000, 0x00000000c4600000, 0x00000000c4700000|  0%| F|  |TAMS 0x00000000c4600000, 0x00000000c4600000| Untracked 
|  35|0x00000000c4700000, 0x00000000c4700000, 0x00000000c4800000|  0%| F|  |TAMS 0x00000000c4700000, 0x00000000c4700000| Untracked 
|  36|0x00000000c4800000, 0x00000000c4800000, 0x00000000c4900000|  0%| F|  |TAMS 0x00000000c4800000, 0x00000000c4800000| Untracked 
|  37|0x00000000c4900000, 0x00000000c4900000, 0x00000000c4a00000|  0%| F|  |TAMS 0x00000000c4900000, 0x00000000c4900000| Untracked 
|  38|0x00000000c4a00000, 0x00000000c4a00000, 0x00000000c4b00000|  0%| F|  |TAMS 0x00000000c4a00000, 0x00000000c4a00000| Untracked 
|  39|0x00000000c4b00000, 0x00000000c4b00000, 0x00000000c4c00000|  0%| F|  |TAMS 0x00000000c4b00000, 0x00000000c4b00000| Untracked 
|  40|0x00000000c4c00000, 0x00000000c4c00000, 0x00000000c4d00000|  0%| F|  |TAMS 0x00000000c4c00000, 0x00000000c4c00000| Untracked 
|  41|0x00000000c4d00000, 0x00000000c4d00000, 0x00000000c4e00000|  0%| F|  |TAMS 0x00000000c4d00000, 0x00000000c4d00000| Untracked 
|  42|0x00000000c4e00000, 0x00000000c4e00000, 0x00000000c4f00000|  0%| F|  |TAMS 0x00000000c4e00000, 0x00000000c4e00000| Untracked 
|  43|0x00000000c4f00000, 0x00000000c4f00000, 0x00000000c5000000|  0%| F|  |TAMS 0x00000000c4f00000, 0x00000000c4f00000| Untracked 
|  44|0x00000000c5000000, 0x00000000c5000000, 0x00000000c5100000|  0%| F|  |TAMS 0x00000000c5000000, 0x00000000c5000000| Untracked 
|  45|0x00000000c5100000, 0x00000000c5100000, 0x00000000c5200000|  0%| F|  |TAMS 0x00000000c5100000, 0x00000000c5100000| Untracked 
|  46|0x00000000c5200000, 0x00000000c5200000, 0x00000000c5300000|  0%| F|  |TAMS 0x00000000c5200000, 0x00000000c5200000| Untracked 
|  47|0x00000000c5300000, 0x00000000c5300000, 0x00000000c5400000|  0%| F|  |TAMS 0x00000000c5300000, 0x00000000c5300000| Untracked 
|  48|0x00000000c5400000, 0x00000000c54c0440, 0x00000000c5500000| 75%| S|CS|TAMS 0x00000000c5400000, 0x00000000c5400000| Complete 
|  49|0x00000000c5500000, 0x00000000c5600000, 0x00000000c5600000|100%| S|CS|TAMS 0x00000000c5500000, 0x00000000c5500000| Complete 
|  50|0x00000000c5600000, 0x00000000c5700000, 0x00000000c5700000|100%| S|CS|TAMS 0x00000000c5600000, 0x00000000c5600000| Complete 
|  51|0x00000000c5700000, 0x00000000c5700000, 0x00000000c5800000|  0%| F|  |TAMS 0x00000000c5700000, 0x00000000c5700000| Untracked 
|  52|0x00000000c5800000, 0x00000000c5800000, 0x00000000c5900000|  0%| F|  |TAMS 0x00000000c5800000, 0x00000000c5800000| Untracked 
|  53|0x00000000c5900000, 0x00000000c5900000, 0x00000000c5a00000|  0%| F|  |TAMS 0x00000000c5900000, 0x00000000c5900000| Untracked 
|  54|0x00000000c5a00000, 0x00000000c5abfe00, 0x00000000c5b00000| 74%| E|  |TAMS 0x00000000c5a00000, 0x00000000c5a00000| Complete 
|  55|0x00000000c5b00000, 0x00000000c5c00000, 0x00000000c5c00000|100%| E|CS|TAMS 0x00000000c5b00000, 0x00000000c5b00000| Complete 
|  56|0x00000000c5c00000, 0x00000000c5d00000, 0x00000000c5d00000|100%| E|CS|TAMS 0x00000000c5c00000, 0x00000000c5c00000| Complete 
|  57|0x00000000c5d00000, 0x00000000c5e00000, 0x00000000c5e00000|100%| E|CS|TAMS 0x00000000c5d00000, 0x00000000c5d00000| Complete 
|  58|0x00000000c5e00000, 0x00000000c5f00000, 0x00000000c5f00000|100%| E|CS|TAMS 0x00000000c5e00000, 0x00000000c5e00000| Complete 
|  59|0x00000000c5f00000, 0x00000000c6000000, 0x00000000c6000000|100%| E|CS|TAMS 0x00000000c5f00000, 0x00000000c5f00000| Complete 
|  60|0x00000000c6000000, 0x00000000c6100000, 0x00000000c6100000|100%| E|CS|TAMS 0x00000000c6000000, 0x00000000c6000000| Complete 
|  61|0x00000000c6100000, 0x00000000c6200000, 0x00000000c6200000|100%| E|CS|TAMS 0x00000000c6100000, 0x00000000c6100000| Complete 

Card table byte_map: [0x000001797b160000,0x000001797b350000] _byte_map_base: 0x000001797ab4e000

Marking Bits (Prev, Next): (CMBitMap*) 0x000001797aebd000, (CMBitMap*) 0x000001797aebcfc8
 Prev Bits: [0x000001797c4b0000, 0x000001797d420000)
 Next Bits: [0x000001797b540000, 0x000001797c4b0000)

Polling page: 0x0000017978e00000

Metaspace:

Usage:
  Non-class:     21.32 MB capacity,    20.98 MB ( 98%) used,   277.27 KB (  1%) free+waste,    62.25 KB ( <1%) overhead. 
      Class:      2.90 MB capacity,     2.64 MB ( 91%) used,   237.25 KB (  8%) free+waste,    31.19 KB (  1%) overhead. 
       Both:     24.21 MB capacity,    23.62 MB ( 98%) used,   514.52 KB (  2%) free+waste,    93.44 KB ( <1%) overhead. 

Virtual space:
  Non-class space:       22.00 MB reserved,      21.50 MB ( 98%) committed 
      Class space:        1.00 GB reserved,       3.00 MB ( <1%) committed 
             Both:        1.02 GB reserved,      24.50 MB (  2%) committed 

Chunk freelists:
   Non-Class:  7.50 KB
       Class:  1.00 KB
        Both:  8.50 KB

CodeHeap 'non-profiled nmethods': size=120064Kb used=946Kb max_used=946Kb free=119117Kb
 bounds [0x000001790fd20000, 0x000001790ff90000, 0x0000017917260000]
CodeHeap 'profiled nmethods': size=120000Kb used=4771Kb max_used=4771Kb free=115228Kb
 bounds [0x00000179087f0000, 0x0000017908ca0000, 0x000001790fd20000]
CodeHeap 'non-nmethods': size=5696Kb used=1263Kb max_used=1282Kb free=4432Kb
 bounds [0x0000017908260000, 0x00000179084d0000, 0x00000179087f0000]
 total_blobs=3471 nmethods=2343 adapters=572
 compilation: enabled
              stopped_count=0, restarted_count=0
 full_count=0

Compilation events (10 events):
Event: 15.211 Thread 0x000001797f93f800 nmethod 2339 0x0000017908c94190 code [0x0000017908c94360, 0x0000017908c945d0]
Event: 15.211 Thread 0x000001797f93f800 2340       3       jdk.internal.util.Preconditions::checkFromIndexSize (25 bytes)
Event: 15.212 Thread 0x000001797f93f800 nmethod 2340 0x0000017908c94710 code [0x0000017908c94940, 0x0000017908c95140]
Event: 15.212 Thread 0x000001797f93f800 2334       3       java.lang.reflect.ProxyGenerator$ExceptionTableEntry::<init> (26 bytes)
Event: 15.212 Thread 0x000001797f93f800 nmethod 2334 0x0000017908c95390 code [0x0000017908c95540, 0x0000017908c95718]
Event: 15.212 Thread 0x000001797f93f800 2341       3       java.lang.reflect.Method::copy (84 bytes)
Event: 15.213 Thread 0x000001797f93f800 nmethod 2341 0x0000017908c95810 code [0x0000017908c959e0, 0x0000017908c95e20]
Event: 15.216 Thread 0x0000017917b8c800 nmethod 2342 0x000001790fe0b790 code [0x000001790fe0b920, 0x000001790fe0bb58]
Event: 16.344 Thread 0x000001797f93b000 2343       4       java.lang.Class::reflectionData (43 bytes)
Event: 16.345 Thread 0x000001797f93f800 2344   !   3       com.sun.jna.Native::findEnclosingLibraryClass (125 bytes)

GC Heap History (6 events):
Event: 3.946 GC heap before
{Heap before GC invocations=0 (full 0):
 garbage-first heap   total 63488K, used 14336K [0x00000000c2400000, 0x0000000100000000)
  region size 1024K, 14 young (14336K), 0 survivors (0K)
 Metaspace       used 13967K, capacity 14397K, committed 14592K, reserved 1062912K
  class space    used 1495K, capacity 1677K, committed 1792K, reserved 1048576K
}
Event: 3.961 GC heap after
{Heap after GC invocations=1 (full 0):
 garbage-first heap   total 63488K, used 2984K [0x00000000c2400000, 0x0000000100000000)
  region size 1024K, 2 young (2048K), 2 survivors (2048K)
 Metaspace       used 13967K, capacity 14397K, committed 14592K, reserved 1062912K
  class space    used 1495K, capacity 1677K, committed 1792K, reserved 1048576K
}
Event: 12.564 GC heap before
{Heap before GC invocations=1 (full 0):
 garbage-first heap   total 63488K, used 13224K [0x00000000c2400000, 0x0000000100000000)
  region size 1024K, 8 young (8192K), 2 survivors (2048K)
 Metaspace       used 16013K, capacity 16481K, committed 16640K, reserved 1064960K
  class space    used 1719K, capacity 1924K, committed 2048K, reserved 1048576K
}
Event: 12.573 GC heap after
{Heap after GC invocations=2 (full 0):
 garbage-first heap   total 63488K, used 7767K [0x00000000c2400000, 0x0000000100000000)
  region size 1024K, 1 young (1024K), 1 survivors (1024K)
 Metaspace       used 16013K, capacity 16481K, committed 16640K, reserved 1064960K
  class space    used 1719K, capacity 1924K, committed 2048K, reserved 1048576K
}
Event: 13.250 GC heap before
{Heap before GC invocations=2 (full 0):
 garbage-first heap   total 63488K, used 16983K [0x00000000c2400000, 0x0000000100000000)
  region size 1024K, 11 young (11264K), 1 survivors (1024K)
 Metaspace       used 20685K, capacity 21154K, committed 21296K, reserved 1069056K
  class space    used 2231K, capacity 2461K, committed 2560K, reserved 1048576K
}
Event: 13.256 GC heap after
{Heap after GC invocations=3 (full 0):
 garbage-first heap   total 63488K, used 9931K [0x00000000c2400000, 0x0000000100000000)
  region size 1024K, 3 young (3072K), 3 survivors (3072K)
 Metaspace       used 20685K, capacity 21154K, committed 21296K, reserved 1069056K
  class space    used 2231K, capacity 2461K, committed 2560K, reserved 1048576K
}

Deoptimization events (10 events):
Event: 14.633 Thread 0x0000017917ef8800 Uncommon trap: reason=class_check action=maybe_recompile pc=0x000001790fd71f90 method=java.util.HashMap.putVal(ILjava/lang/Object;Ljava/lang/Object;ZZ)Ljava/lang/Object; @ 253 c2
Event: 14.633 Thread 0x0000017917ef8800 Uncommon trap: reason=class_check action=maybe_recompile pc=0x000001790fd9e684 method=java.util.HashMap.putVal(ILjava/lang/Object;Ljava/lang/Object;ZZ)Ljava/lang/Object; @ 253 c2
Event: 15.140 Thread 0x0000017917ef8800 Uncommon trap: reason=unstable_if action=reinterpret pc=0x000001790fd90330 method=java.util.HashMap.getNode(ILjava/lang/Object;)Ljava/util/HashMap$Node; @ 62 c2
Event: 15.140 Thread 0x0000017917ef8800 Uncommon trap: reason=bimorphic_or_optimized_type_check action=maybe_recompile pc=0x000001790fe03494 method=java.util.HashMap.putVal(ILjava/lang/Object;Ljava/lang/Object;ZZ)Ljava/lang/Object; @ 91 c2
Event: 15.140 Thread 0x0000017917ef8800 Uncommon trap: reason=unstable_if action=reinterpret pc=0x000001790fd67cec method=java.util.HashMap.getNode(ILjava/lang/Object;)Ljava/util/HashMap$Node; @ 62 c2
Event: 15.140 Thread 0x0000017917ef8800 Uncommon trap: reason=bimorphic_or_optimized_type_check action=maybe_recompile pc=0x000001790fe03494 method=java.util.HashMap.putVal(ILjava/lang/Object;Ljava/lang/Object;ZZ)Ljava/lang/Object; @ 91 c2
Event: 15.140 Thread 0x0000017917ef8800 Uncommon trap: reason=bimorphic_or_optimized_type_check action=maybe_recompile pc=0x000001790fe03494 method=java.util.HashMap.putVal(ILjava/lang/Object;Ljava/lang/Object;ZZ)Ljava/lang/Object; @ 91 c2
Event: 15.142 Thread 0x0000017917ef8800 Uncommon trap: reason=bimorphic_or_optimized_type_check action=maybe_recompile pc=0x000001790fe03494 method=java.util.HashMap.putVal(ILjava/lang/Object;Ljava/lang/Object;ZZ)Ljava/lang/Object; @ 91 c2
Event: 15.206 Thread 0x0000017917ef8800 Uncommon trap: reason=bimorphic_or_optimized_type_check action=maybe_recompile pc=0x000001790fe0b0a0 method=java.util.HashMap.putVal(ILjava/lang/Object;Ljava/lang/Object;ZZ)Ljava/lang/Object; @ 203 c2
Event: 15.207 Thread 0x0000017917ef8800 Uncommon trap: reason=bimorphic_or_optimized_type_check action=maybe_recompile pc=0x000001790fe0b0a0 method=java.util.HashMap.putVal(ILjava/lang/Object;Ljava/lang/Object;ZZ)Ljava/lang/Object; @ 203 c2

Classes redefined (0 events):
No events

Internal exceptions (10 events):
Event: 1.251 Thread 0x000001797ae91000 Exception <a 'java/lang/NoSuchMethodError'{0x00000000c59ac418}: java.lang.invoke.DirectMethodHandle$Holder.invokeStatic(Ljava/lang/Object;Ljava/lang/Object;Ljava/lang/Object;Ljava/lang/Object;Ljava/lang/Object;Ljava/lang/Object;Ljava/lang/Object;Ljava/lan
Event: 12.539 Thread 0x0000017917ef8800 Implicit null exception at 0x000001790fd6e45a to 0x000001790fd6e54a
Event: 12.588 Thread 0x0000017917ef8800 Exception <a 'java/lang/NoSuchMethodError'{0x00000000c612e608}: java.lang.invoke.DirectMethodHandle$Holder.invokeSpecialIFC(Ljava/lang/Object;Ljava/lang/Object;I)I> (0x00000000c612e608) thrown at [t:/workspace/open/src/hotspot/share/interpreter/linkResolv
Event: 12.688 Thread 0x0000017917ef8800 Exception <a 'java/lang/NoSuchMethodError'{0x00000000c6081bc0}: java.lang.invoke.DirectMethodHandle$Holder.invokeVirtual(Ljava/lang/Object;Ljava/lang/Object;Ljava/lang/Object;)Ljava/lang/Object;> (0x00000000c6081bc0) thrown at [t:/workspace/open/src/hotsp
Event: 13.228 Thread 0x0000017917ef8800 Implicit null exception at 0x000001790fd802b6 to 0x000001790fd84222
Event: 13.694 Thread 0x0000017917ef8800 Exception <a 'java/lang/NullPointerException'{0x00000000c5f2a008}> (0x00000000c5f2a008) thrown at [t:/workspace/open/src/hotspot/share/interpreter/linkResolver.cpp, line 1354]
Event: 14.639 Thread 0x0000017917ef8800 Exception <a 'java/lang/NoSuchMethodError'{0x00000000c5cf9740}: java.lang.invoke.DirectMethodHandle$Holder.invokeStatic(Ljava/lang/Object;IIII)Ljava/lang/Object;> (0x00000000c5cf9740) thrown at [t:/workspace/open/src/hotspot/share/interpreter/linkResolver
Event: 14.640 Thread 0x0000017917ef8800 Exception <a 'java/lang/NoSuchMethodError'{0x00000000c5cfcb00}: java.lang.invoke.DirectMethodHandle$Holder.invokeStaticInit(Ljava/lang/Object;IIII)Ljava/lang/Object;> (0x00000000c5cfcb00) thrown at [t:/workspace/open/src/hotspot/share/interpreter/linkReso
Event: 14.962 Thread 0x0000017917ef8800 Exception <a 'java/lang/NoSuchMethodError'{0x00000000c5b2b5e8}: java.lang.invoke.DirectMethodHandle$Holder.invokeStatic(Ljava/lang/Object;Ljava/lang/Object;IIII)Ljava/lang/Object;> (0x00000000c5b2b5e8) thrown at [t:/workspace/open/src/hotspot/share/interp
Event: 14.963 Thread 0x0000017917ef8800 Exception <a 'java/lang/NoSuchMethodError'{0x00000000c5b2ebd8}: java.lang.invoke.DirectMethodHandle$Holder.invokeStaticInit(Ljava/lang/Object;Ljava/lang/Object;IIII)Ljava/lang/Object;> (0x00000000c5b2ebd8) thrown at [t:/workspace/open/src/hotspot/share/in

Events (10 events):
Event: 16.340 loading class com/sun/jna/Structure$FFIType$size_t done
Event: 16.341 loading class jdk/internal/reflect/UnsafeObjectFieldAccessorImpl
Event: 16.341 loading class jdk/internal/reflect/UnsafeObjectFieldAccessorImpl done
Event: 16.341 loading class jdk/internal/reflect/UnsafeShortFieldAccessorImpl
Event: 16.341 loading class jdk/internal/reflect/UnsafeShortFieldAccessorImpl done
Event: 16.342 loading class com/sun/jna/Union
Event: 16.342 loading class com/sun/jna/Union done
Event: 16.343 loading class com/sun/jna/Structure$2$StructureSet
Event: 16.343 loading class com/sun/jna/Structure$2$StructureSet done
Event: 16.344 Thread 0x0000017917b8c800 Thread exited: 0x0000017917b8c800


Dynamic libraries:
0x00007ff6a2d50000 - 0x00007ff6a2d97000 	C:\Program Files\Java\jdk-11.0.3\bin\java.exe
0x00007ffc74f70000 - 0x00007ffc75151000 	C:\Windows\SYSTEM32\ntdll.dll
0x00007ffc72690000 - 0x00007ffc72741000 	C:\Windows\System32\KERNEL32.DLL
0x00007ffc71d40000 - 0x00007ffc71fb3000 	C:\Windows\System32\KERNELBASE.dll
0x00007ffc72580000 - 0x00007ffc72621000 	C:\Windows\System32\ADVAPI32.dll
0x00007ffc72f70000 - 0x00007ffc7300e000 	C:\Windows\System32\msvcrt.dll
0x00007ffc72630000 - 0x00007ffc7268b000 	C:\Windows\System32\sechost.dll
0x00007ffc73970000 - 0x00007ffc73a94000 	C:\Windows\System32\RPCRT4.dll
0x00007ffc73780000 - 0x00007ffc73910000 	C:\Windows\System32\USER32.dll
0x00007ffc71fc0000 - 0x00007ffc71fe0000 	C:\Windows\System32\win32u.dll
0x00007ffc72540000 - 0x00007ffc72568000 	C:\Windows\System32\GDI32.dll
0x00007ffc713e0000 - 0x00007ffc71572000 	C:\Windows\System32\gdi32full.dll
0x00007ffc71340000 - 0x00007ffc713df000 	C:\Windows\System32\msvcp_win.dll
0x00007ffc72030000 - 0x00007ffc72128000 	C:\Windows\System32\ucrtbase.dll
0x00007ffc60290000 - 0x00007ffc604f9000 	C:\Windows\WinSxS\amd64_microsoft.windows.common-controls_6595b64144ccf1df_6.0.17134.765_none_fb42a1a930655896\COMCTL32.dll
0x00007ffc60f60000 - 0x00007ffc60f6a000 	C:\Windows\SYSTEM32\VERSION.dll
0x00007ffc732d0000 - 0x00007ffc735f2000 	C:\Windows\System32\combase.dll
0x00007ffc72380000 - 0x00007ffc723fa000 	C:\Windows\System32\bcryptPrimitives.dll
0x00007ffc72510000 - 0x00007ffc7253d000 	C:\Windows\System32\IMM32.DLL
0x00007ffc6b960000 - 0x00007ffc6b976000 	C:\Program Files\Java\jdk-11.0.3\bin\vcruntime140.dll
0x00007ffc4fc50000 - 0x00007ffc4fcfa000 	C:\Program Files\Java\jdk-11.0.3\bin\msvcp140.dll
0x00007ffc40680000 - 0x00007ffc411a7000 	C:\Program Files\Java\jdk-11.0.3\bin\server\jvm.dll
0x00007ffc73010000 - 0x00007ffc73018000 	C:\Windows\System32\PSAPI.DLL
0x00007ffc6ec10000 - 0x00007ffc6ec33000 	C:\Windows\SYSTEM32\WINMM.dll
0x00007ffc62b50000 - 0x00007ffc62b59000 	C:\Windows\SYSTEM32\WSOCK32.dll
0x00007ffc73600000 - 0x00007ffc7366c000 	C:\Windows\System32\WS2_32.dll
0x00007ffc6ebe0000 - 0x00007ffc6ec0a000 	C:\Windows\SYSTEM32\WINMMBASE.dll
0x00007ffc71fe0000 - 0x00007ffc72029000 	C:\Windows\System32\cfgmgr32.dll
0x00007ffc712d0000 - 0x00007ffc712e1000 	C:\Windows\System32\kernel.appcore.dll
0x00007ffc65f40000 - 0x00007ffc65f51000 	C:\Program Files\Java\jdk-11.0.3\bin\verify.dll
0x00007ffc6f6f0000 - 0x00007ffc6f8b9000 	C:\Windows\SYSTEM32\DBGHELP.DLL
0x00007ffc5f680000 - 0x00007ffc5f6a9000 	C:\Windows\SYSTEM32\dbgcore.DLL
0x00007ffc696b0000 - 0x00007ffc696d9000 	C:\Program Files\Java\jdk-11.0.3\bin\java.dll
0x00007ffc62870000 - 0x00007ffc62886000 	C:\Program Files\Java\jdk-11.0.3\bin\zip.dll
0x00007ffc6f0c0000 - 0x00007ffc6f0ca000 	C:\Program Files\Java\jdk-11.0.3\bin\jimage.dll
0x00007ffc73b00000 - 0x00007ffc74f40000 	C:\Windows\System32\SHELL32.dll
0x00007ffc731a0000 - 0x00007ffc73249000 	C:\Windows\System32\shcore.dll
0x00007ffc71580000 - 0x00007ffc71c8d000 	C:\Windows\System32\windows.storage.dll
0x00007ffc73720000 - 0x00007ffc73771000 	C:\Windows\System32\shlwapi.dll
0x00007ffc71320000 - 0x00007ffc7133f000 	C:\Windows\System32\profapi.dll
0x00007ffc71280000 - 0x00007ffc712cc000 	C:\Windows\System32\powrprof.dll
0x00007ffc712f0000 - 0x00007ffc712fa000 	C:\Windows\System32\FLTLIB.DLL
0x00007ffc62500000 - 0x00007ffc62519000 	C:\Program Files\Java\jdk-11.0.3\bin\net.dll
0x00007ffc64610000 - 0x00007ffc646ed000 	C:\Windows\SYSTEM32\WINHTTP.dll
0x00007ffc65890000 - 0x00007ffc65a58000 	C:\Windows\SYSTEM32\urlmon.dll
0x00007ffc64980000 - 0x00007ffc64c27000 	C:\Windows\SYSTEM32\iertutil.dll
0x00007ffc70cd0000 - 0x00007ffc70cdb000 	C:\Windows\SYSTEM32\CRYPTBASE.DLL
0x00007ffc70aa0000 - 0x00007ffc70b06000 	C:\Windows\system32\mswsock.dll
0x00007ffc624e0000 - 0x00007ffc624f3000 	C:\Program Files\Java\jdk-11.0.3\bin\nio.dll
0x00007ffc54e70000 - 0x00007ffc5500f000 	C:\Program Files\Java\jdk-11.0.3\bin\awt.dll
0x00007ffc72d40000 - 0x00007ffc72e02000 	C:\Windows\System32\OLEAUT32.dll
0x00007ffc6e470000 - 0x00007ffc6ea37000 	C:\Windows\SYSTEM32\d2d1.dll
0x00007ffc6f240000 - 0x00007ffc6f2cb000 	C:\Windows\SYSTEM32\apphelp.dll
0x00007ffc6fa00000 - 0x00007ffc6fa29000 	C:\Windows\system32\DWMAPI.DLL
0x00007ffc6f3b0000 - 0x00007ffc6f448000 	C:\Windows\system32\uxtheme.dll
0x00007ffc5c200000 - 0x00007ffc5c320000 	C:\Windows\system32\opengl32.dll
0x00007ffc63870000 - 0x00007ffc6389c000 	C:\Windows\SYSTEM32\GLU32.dll
0x00007ffc73020000 - 0x00007ffc73193000 	C:\Windows\System32\MSCTF.dll
0x00007ffc72e10000 - 0x00007ffc72f61000 	C:\Windows\System32\ole32.dll
0x00007ffc5b900000 - 0x00007ffc5b980000 	C:\Program Files\Java\jdk-11.0.3\bin\freetype.dll
0x00007ffc4d860000 - 0x00007ffc4d8cf000 	C:\Program Files\Java\jdk-11.0.3\bin\fontmanager.dll
0x00007ffc73670000 - 0x00007ffc73710000 	C:\Windows\System32\clbcatq.dll
0x00007ffc6bf30000 - 0x00007ffc6c0de000 	C:\Windows\SYSTEM32\WindowsCodecs.dll
0x00007ffc5f290000 - 0x00007ffc5f2e8000 	C:\Windows\system32\dataexchange.dll
0x00007ffc6e160000 - 0x00007ffc6e46b000 	C:\Windows\system32\d3d11.dll
0x00007ffc6ea40000 - 0x00007ffc6ebdc000 	C:\Windows\system32\dcomp.dll
0x00007ffc70040000 - 0x00007ffc700fb000 	C:\Windows\system32\dxgi.dll
0x00007ffc6fb90000 - 0x00007ffc6fd48000 	C:\Windows\system32\twinapi.appcore.dll
0x00007ffc6fae0000 - 0x00007ffc6fb09000 	C:\Windows\system32\RMCLIENT.dll
0x00007ffc6b580000 - 0x00007ffc6b616000 	C:\Windows\System32\TextInputFramework.dll
0x00007ffc6ef80000 - 0x00007ffc6f05a000 	C:\Windows\System32\CoreMessaging.dll
0x00007ffc6bac0000 - 0x00007ffc6bdde000 	C:\Windows\System32\CoreUIComponents.dll
0x00007ffc70370000 - 0x00007ffc703a1000 	C:\Windows\SYSTEM32\ntmarta.dll
0x00007ffc6d1c0000 - 0x00007ffc6d30d000 	C:\Windows\SYSTEM32\wintypes.dll
0x0000000180000000 - 0x00000001836ae000 	C:\Users\Adrian\Desktop\VistaBien\VISTA\VISTA\facesdk.dll
0x00007ffc70820000 - 0x00007ffc70858000 	C:\Windows\SYSTEM32\IPHLPAPI.DLL
0x00007ffc70860000 - 0x00007ffc7091e000 	C:\Windows\SYSTEM32\DNSAPI.dll
0x00007ffc72570000 - 0x00007ffc72578000 	C:\Windows\System32\NSI.dll
0x00007ffc64310000 - 0x00007ffc6431a000 	C:\Windows\System32\rasadhlp.dll
0x00007ffc64540000 - 0x00007ffc645b2000 	C:\Windows\System32\fwpuclnt.dll
0x00007ffc70de0000 - 0x00007ffc70e05000 	C:\Windows\SYSTEM32\bcrypt.dll
0x00007ffc70cb0000 - 0x00007ffc70cc7000 	C:\Windows\SYSTEM32\CRYPTSP.dll
0x00007ffc70680000 - 0x00007ffc706b3000 	C:\Windows\system32\rsaenh.dll
0x00007ffc711b0000 - 0x00007ffc711d8000 	C:\Windows\SYSTEM32\USERENV.dll
0x00007ffc661a0000 - 0x00007ffc661b6000 	C:\Windows\SYSTEM32\dhcpcsvc6.DLL
0x00007ffc66180000 - 0x00007ffc6619a000 	C:\Windows\SYSTEM32\dhcpcsvc.DLL
0x000001791c290000 - 0x000001791c2c7000 	C:\Users\Adrian\AppData\Local\Temp\jna18004509420971686308.dll
0x00007ffc62dd0000 - 0x00007ffc62de7000 	C:\Windows\System32\devenum.dll
0x00007ffc72750000 - 0x00007ffc72b9b000 	C:\Windows\System32\setupapi.dll
0x00007ffc71090000 - 0x00007ffc710b7000 	C:\Windows\SYSTEM32\DEVOBJ.dll
0x00007ffc72130000 - 0x00007ffc72187000 	C:\Windows\System32\WINTRUST.dll
0x00007ffc71300000 - 0x00007ffc71312000 	C:\Windows\System32\MSASN1.dll
0x00007ffc72190000 - 0x00007ffc72372000 	C:\Windows\System32\CRYPT32.dll
0x00007ffc696e0000 - 0x00007ffc696ea000 	C:\Windows\SYSTEM32\msdmo.dll
0x00007ffc50720000 - 0x00007ffc50753000 	C:\Windows\System32\qcap.dll
0x00007ffc42430000 - 0x00007ffc425ed000 	C:\Windows\System32\quartz.dll
0x00007ffc4ff10000 - 0x00007ffc4ff5b000 	C:\Windows\System32\mfksproxy.dll
0x00007ffc61520000 - 0x00007ffc6153d000 	C:\Windows\System32\ATL.DLL
0x00007ffc61320000 - 0x00007ffc614fb000 	C:\Windows\System32\MFPlat.DLL
0x00007ffc699f0000 - 0x00007ffc69a1e000 	C:\Windows\System32\RTWorkQ.DLL
0x00007ffc4d650000 - 0x00007ffc4d69e000 	C:\Windows\System32\MFSENSORGROUP.dll
0x00007ffc49900000 - 0x00007ffc49948000 	C:\Windows\System32\ksproxy.ax
0x00007ffc494a0000 - 0x00007ffc49637000 	C:\Windows\System32\d3d9.dll
0x00007ffc6f0d0000 - 0x00007ffc6f0d9000 	C:\Windows\System32\ksuser.dll
0x00007ffc6d730000 - 0x00007ffc6d7af000 	C:\Windows\SYSTEM32\policymanager.dll
0x00007ffc6dbd0000 - 0x00007ffc6dc61000 	C:\Windows\System32\msvcp110_win.dll
0x00007ffc6c530000 - 0x00007ffc6c53c000 	C:\Windows\System32\vidcap.ax
0x00007ffc54b90000 - 0x00007ffc54bb6000 	C:\Windows\System32\kswdmcap.ax
0x00007ffc46aa0000 - 0x00007ffc46c04000 	C:\Windows\System32\MFC42.dll

dbghelp: loaded successfully - version: 4.0.5 - missing functions: none
symbol engine: initialized successfully - sym options: 0x614 - pdb path: .;C:\Program Files\Java\jdk-11.0.3\bin;C:\Windows\SYSTEM32;C:\Windows\WinSxS\amd64_microsoft.windows.common-controls_6595b64144ccf1df_6.0.17134.765_none_fb42a1a930655896;C:\Program Files\Java\jdk-11.0.3\bin\server;C:\Users\Adrian\Desktop\VistaBien\VISTA\VISTA;C:\Users\Adrian\AppData\Local\Temp

VM Arguments:
jvm_args: -Dfile.encoding=UTF-8 
java_command: vista.Main
java_class_path (initial): C:\Users\Adrian\Desktop\VistaBien\VISTA\VISTA\mysql-connector-java-8.0.15.jar;C:\Program Files\NetBeans\java\modules\ext\AbsoluteLayout.jar;C:\Users\Adrian\Desktop\VistaBien\VISTA\VISTA\FaceSDK.jar;C:\Users\Adrian\Desktop\VistaBien\VISTA\VISTA\jna.jar;C:\Users\Adrian\Desktop\VistaBien\VISTA\VISTA\build\classes
Launcher Type: SUN_STANDARD

[Global flags]
     intx CICompilerCount                          = 3                                         {product} {ergonomic}
     uint ConcGCThreads                            = 1                                         {product} {ergonomic}
     uint G1ConcRefinementThreads                  = 4                                         {product} {ergonomic}
   size_t G1HeapRegionSize                         = 1048576                                   {product} {ergonomic}
    uintx GCDrainStackTargetSize                   = 64                                        {product} {ergonomic}
   size_t InitialHeapSize                          = 65011712                                  {product} {ergonomic}
   size_t MarkStackSize                            = 4194304                                   {product} {ergonomic}
   size_t MaxHeapSize                              = 1035993088                                {product} {ergonomic}
   size_t MaxNewSize                               = 620756992                                 {product} {ergonomic}
   size_t MinHeapDeltaBytes                        = 1048576                                   {product} {ergonomic}
    uintx NonNMethodCodeHeapSize                   = 5830092                                {pd product} {ergonomic}
    uintx NonProfiledCodeHeapSize                  = 122914074                              {pd product} {ergonomic}
    uintx ProfiledCodeHeapSize                     = 122914074                              {pd product} {ergonomic}
    uintx ReservedCodeCacheSize                    = 251658240                              {pd product} {ergonomic}
     bool SegmentedCodeCache                       = true                                      {product} {ergonomic}
     bool UseCompressedClassPointers               = true                                 {lp64_product} {ergonomic}
     bool UseCompressedOops                        = true                                 {lp64_product} {ergonomic}
     bool UseG1GC                                  = true                                      {product} {ergonomic}
     bool UseLargePagesIndividualAllocation        = false                                  {pd product} {ergonomic}

Logging:
Log output configuration:
 #0: stdout all=warning uptime,level,tags
 #1: stderr all=off uptime,level,tags

Environment Variables:
PATH=C:\javacv_resource\opencv\build\bin;C:\Users\Adrian\AppData\Local\Programs\Python\Python37-32\Scripts\;C:\Users\Adrian\AppData\Local\Programs\Python\Python37-32\;C:\Users\Adrian\AppData\Local\Microsoft\WindowsApps;;C:\Program Files\Docker Toolbox;C:\Users\Adrian\AppData\Local\Programs\Microsoft VS Code\bin
USERNAME=Adrian
OS=Windows_NT
PROCESSOR_IDENTIFIER=Intel64 Family 6 Model 142 Stepping 9, GenuineIntel



---------------  S Y S T E M  ---------------

OS: Windows 10 , 64 bit Build 17134 (10.0.17134.753)

CPU:total 4 (initial active 4) (2 cores per cpu, 2 threads per core) family 6 model 142 stepping 9, cmov, cx8, fxsr, mmx, sse, sse2, sse3, ssse3, sse4.1, sse4.2, popcnt, avx, avx2, aes, clmul, erms, 3dnowpref, lzcnt, ht, tsc, tscinvbit, bmi1, bmi2, adx, fma

Memory: 4k page, system-wide physical 3947M (356M free)
TotalPageFile size 5659M (AvailPageFile size 616M)
current process WorkingSet (physical memory assigned to process): 103M, peak: 110M
current process commit charge ("private bytes"): 184M, peak: 191M

vm_info: Java HotSpot(TM) 64-Bit Server VM (11.0.3+12-LTS) for windows-amd64 JRE (11.0.3+12-LTS), built on Apr  2 2019 12:43:09 by "mach5one" with MS VC++ 15.5 (VS2017)

END.
